#
# There is insufficient memory for the Java Runtime Environment to continue.
# Native memory allocation (malloc) failed to allocate 1048576 bytes for AllocateHeap
# Possible reasons:
#   The system is out of physical RAM or swap space
#   In 32 bit mode, the process size limit was hit
# Possible solutions:
#   Reduce memory load on the system
#   Increase physical memory or swap space
#   Check if swap backing store is full
#   Use 64 bit Java on a 64 bit OS
#   Decrease Java heap size (-Xmx/-Xms)
#   Decrease number of Java threads
#   Decrease Java thread stack sizes (-Xss)
#   Set larger code cache with -XX:ReservedCodeCacheSize=
# This output file may be truncated or incomplete.
#
#  Out of Memory Error (memory/allocation.inline.hpp:61), pid=13280, tid=0x0000000000001af4
#
# JRE version:  (8.0_152-b01) (build )
# Java VM: OpenJDK 64-Bit Server VM (25.152-b01 mixed mode windows-amd64 compressed oops)
# Failed to write core dump. Minidumps are not enabled by default on client versions of Windows
#

---------------  T H R E A D  ---------------

Current thread (0x0000000002a6e000):  JavaThread "Unknown thread" [_thread_in_vm, id=6900, stack(0x00000000028b0000,0x00000000029b0000)]

Stack: [0x00000000028b0000,0x00000000029b0000]
[error occurred during error reporting (printing stack bounds), id 0xc0000005]

Native frames: (J=compiled Java code, j=interpreted, Vv=VM code, C=native code)


---------------  P R O C E S S  ---------------

Java Threads: ( => current thread )

Other Threads:

=>0x0000000002a6e000 (exited) JavaThread "Unknown thread" [_thread_in_vm, id=6900, stack(0x00000000028b0000,0x00000000029b0000)]

VM state:not at safepoint (normal execution)

VM Mutex/Monitor currently owned by a thread: None

Heap:
 PSYoungGen      total 37888K, used 655K [0x00000000d6500000, 0x00000000d8f00000, 0x0000000100000000)
  eden space 32768K, 2% used [0x00000000d6500000,0x00000000d65a3d80,0x00000000d8500000)
  from space 5120K, 0% used [0x00000000d8a00000,0x00000000d8a00000,0x00000000d8f00000)
  to   space 5120K, 0% used [0x00000000d8500000,0x00000000d8500000,0x00000000d8a00000)
 ParOldGen       total 86016K, used 0K [0x0000000082e00000, 0x0000000088200000, 0x00000000d6500000)
  object space 86016K, 0% used [0x0000000082e00000,0x0000000082e00000,0x0000000088200000)
 Metaspace       used 772K, capacity 4480K, committed 4480K, reserved 1056768K
  class space    used 73K, capacity 384K, committed 384K, reserved 1048576K

Card table byte_map: [0x0000000011f30000,0x0000000012320000] byte_map_base: 0x0000000011b19000

Marking Bits: (ParMarkBitMap*) 0x000000005a0d5aa0
 Begin Bits: [0x0000000012dc0000, 0x0000000014d08000)
 End Bits:   [0x0000000014d08000, 0x0000000016c50000)

Polling page: 0x0000000000710000

CodeCache: size=245760Kb used=328Kb max_used=328Kb free=245431Kb
 bounds [0x0000000002b70000, 0x0000000002de0000, 0x0000000011b70000]
 total_blobs=57 nmethods=0 adapters=38
 compilation: enabled

Compilation events (0 events):
No events

GC Heap History (0 events):
No events

Deoptimization events (0 events):
No events

Classes redefined (0 events):
No events

Internal exceptions (0 events):
No events

Events (10 events):
Event: 0.052 loading class java/lang/Short
Event: 0.053 loading class java/lang/Short done
Event: 0.053 loading class java/lang/Integer
Event: 0.053 loading class java/lang/Integer done
Event: 0.053 loading class java/lang/Long
Event: 0.053 loading class java/lang/Long done
Event: 0.054 loading class java/lang/NullPointerException
Event: 0.054 loading class java/lang/NullPointerException done
Event: 0.054 loading class java/lang/ArithmeticException
Event: 0.054 loading class java/lang/ArithmeticException done


Dynamic libraries:
0x00007ff679ee0000 - 0x00007ff679f11000 	C:\Program Files\Android\Android Studio\jre\jre\bin\java.exe
0x00007ff9d6870000 - 0x00007ff9d6a51000 	C:\WINDOWS\SYSTEM32\ntdll.dll
0x00007ff9d4040000 - 0x00007ff9d40f1000 	C:\WINDOWS\System32\KERNEL32.DLL
0x00007ff9d30d0000 - 0x00007ff9d3343000 	C:\WINDOWS\System32\KERNELBASE.dll
0x00007ff9d4620000 - 0x00007ff9d46c1000 	C:\WINDOWS\System32\ADVAPI32.dll
0x00007ff9d4100000 - 0x00007ff9d419e000 	C:\WINDOWS\System32\msvcrt.dll
0x00007ff9d4d10000 - 0x00007ff9d4d6b000 	C:\WINDOWS\System32\sechost.dll
0x00007ff9d4980000 - 0x00007ff9d4aa4000 	C:\WINDOWS\System32\RPCRT4.dll
0x00007ff9d4d70000 - 0x00007ff9d4f00000 	C:\WINDOWS\System32\USER32.dll
0x00007ff9d2f90000 - 0x00007ff9d2fb0000 	C:\WINDOWS\System32\win32u.dll
0x00007ff9d4c60000 - 0x00007ff9d4c88000 	C:\WINDOWS\System32\GDI32.dll
0x00007ff9d2df0000 - 0x00007ff9d2f82000 	C:\WINDOWS\System32\gdi32full.dll
0x00007ff9d2fb0000 - 0x00007ff9d304f000 	C:\WINDOWS\System32\msvcp_win.dll
0x00007ff9d2cf0000 - 0x00007ff9d2de8000 	C:\WINDOWS\System32\ucrtbase.dll
0x00007ff9c37c0000 - 0x00007ff9c3a29000 	C:\WINDOWS\WinSxS\amd64_microsoft.windows.common-controls_6595b64144ccf1df_6.0.17134.706_none_fb43a2cb30647007\COMCTL32.dll
0x00007ff9d41a0000 - 0x00007ff9d44c2000 	C:\WINDOWS\System32\combase.dll
0x00007ff9d3050000 - 0x00007ff9d30ca000 	C:\WINDOWS\System32\bcryptPrimitives.dll
0x00007ff9d4ab0000 - 0x00007ff9d4add000 	C:\WINDOWS\System32\IMM32.DLL
0x000000005a5b0000 - 0x000000005a682000 	C:\Program Files\Android\Android Studio\jre\jre\bin\msvcr100.dll
0x0000000059910000 - 0x000000005a151000 	C:\Program Files\Android\Android Studio\jre\jre\bin\server\jvm.dll
0x00007ff9d53d0000 - 0x00007ff9d53d8000 	C:\WINDOWS\System32\PSAPI.DLL
0x00007ff9cdf90000 - 0x00007ff9cdf9a000 	C:\WINDOWS\SYSTEM32\VERSION.dll
0x00007ff9ca1c0000 - 0x00007ff9ca1e3000 	C:\WINDOWS\SYSTEM32\WINMM.dll
0x00007ff9c9060000 - 0x00007ff9c9069000 	C:\WINDOWS\SYSTEM32\WSOCK32.dll
0x00007ff9ca190000 - 0x00007ff9ca1ba000 	C:\WINDOWS\SYSTEM32\winmmbase.dll
0x00007ff9d4ca0000 - 0x00007ff9d4d0c000 	C:\WINDOWS\System32\WS2_32.dll
0x00007ff9d2c40000 - 0x00007ff9d2c89000 	C:\WINDOWS\System32\cfgmgr32.dll
0x00007ff9cd140000 - 0x00007ff9cd14f000 	C:\Program Files\Android\Android Studio\jre\jre\bin\verify.dll
0x00007ff9c9530000 - 0x00007ff9c9559000 	C:\Program Files\Android\Android Studio\jre\jre\bin\java.dll
0x00007ff9c0f10000 - 0x00007ff9c0f26000 	C:\Program Files\Android\Android Studio\jre\jre\bin\zip.dll

VM Arguments:
java_command: org.jetbrains.git4idea.http.GitAskPassApp Username for 'https://github.com': 
java_class_path (initial): C:/Program Files/Android/Android Studio/plugins/git4idea/lib/git4idea-rt.jar;C:/Program Files/Android/Android Studio/lib/xmlrpc-2.0.1.jar;C:/Program Files/Android/Android Studio/lib/commons-codec-1.10.jar;C:/Program Files/Android/Android Studio/lib/util.jar
Launcher Type: SUN_STANDARD

Environment Variables:
PATH=C:/Users/elene/AppData/Local/GitHubDesktop/app-1.5.0/resources/app/git/mingw64/libexec/git-core;C:/Users/elene/AppData/Local/GitHubDesktop/app-1.5.0/resources/app/git/mingw64/libexec/git-core;C:\Users\elene\AppData\Local\GitHubDesktop\app-1.5.0\resources\app\git\mingw64\bin;C:\Users\elene\AppData\Local\GitHubDesktop\app-1.5.0\resources\app\git\usr\bin;C:\Users\elene\bin;C:\Program Files (x86)\Common Files\Oracle\Java\javapath;C:\Program Files (x86)\Intel\iCLS Client\;C:\Program Files\Intel\iCLS Client\;C:\WINDOWS\system32;C:\WINDOWS;C:\WINDOWS\System32\Wbem;C:\WINDOWS\System32\WindowsPowerShell\v1.0\;C:\Program Files (x86)\Intel\Intel(R) Management Engine Components\DAL;C:\Program Files\Intel\Intel(R) Management Engine Components\DAL;C:\Program Files (x86)\Intel\Intel(R) Management Engine Components\IPT;C:\Program Files\Intel\Intel(R) Management Engine Components\IPT;C:\WINDOWS\System32\OpenSSH\;C:\Users\elene\AppData\Local\Microsoft\WindowsApps;C:\Users\elene\AppData\Local\GitHubDesktop\bin
USERNAME=elene
DISPLAY=:0.0
OS=Windows_NT
PROCESSOR_IDENTIFIER=Intel64 Family 6 Model 142 Stepping 10, GenuineIntel



---------------  S Y S T E M  ---------------

OS: Windows 10.0 , 64 bit Build 17134 (10.0.17134.706)

CPU:total 8 (initial active 8) (4 cores per cpu, 2 threads per core) family 6 model 142 stepping 10, cmov, cx8, fxsr, mmx, sse, sse2, sse3, ssse3, sse4.1, sse4.2, popcnt, avx, avx2, aes, clmul, erms, 3dnowpref, lzcnt, ht, tsc, tscinvbit, bmi1, bmi2, adx

Memory: 4k page, physical 8200076k(979068k free), swap 11476872k(5416k free)

vm_info: OpenJDK 64-Bit Server VM (25.152-b01) for windows-amd64 JRE (1.8.0_152-release-1343-b01), built by "builder" with MS VC++ 10.0 (VS2010)

time: Sun May 05 23:15:35 2019
elapsed time: 0 seconds (0d 0h 0m 0s)

